<?xml version="1.0" encoding="UTF-8"?>
<!-- Generated by org.testng.reporters.JUnitXMLReporter -->
<testsuite hostname="LAPTOP-0NQOBMF3" ignored="0" name="Default test" tests="3" failures="0" timestamp="25 Jan 2021 17:21:38 GMT" time="21.066" errors="0">
  <testcase name="tc1" time="3.975" classname="org.testngtest.TestNg_Class_Gmail1"/>
  <testcase name="tc1" time="4.296" classname="org.testngtest.TestNg_Class_Gmail1"/>
  <testcase name="tc1" time="3.522" classname="org.testngtest.TestNg_Class_Gmail1"/>
</testsuite> <!-- Default test -->
