<?xml version="1.0" encoding="UTF-8"?>
<testng-results skipped="0" failed="0" ignored="0" total="3" passed="3">
  <reporter-output>
  </reporter-output>
  <suite name="Default suite" duration-ms="21066" started-at="2021-01-25T17:21:17Z" finished-at="2021-01-25T17:21:38Z">
    <groups>
    </groups>
    <test name="Default test" duration-ms="21066" started-at="2021-01-25T17:21:17Z" finished-at="2021-01-25T17:21:38Z">
      <class name="org.testngtest.TestNg_Class_Gmail1">
        <test-method status="PASS" signature="launchBrowser()[pri:0, instance:org.testngtest.TestNg_Class_Gmail1@7fc229ab]" name="launchBrowser" is-config="true" duration-ms="8514" started-at="2021-01-25T17:21:17Z" finished-at="2021-01-25T17:21:25Z">
          <reporter-output>
          </reporter-output>
        </test-method> <!-- launchBrowser -->
        <test-method status="PASS" signature="processingTime()[pri:0, instance:org.testngtest.TestNg_Class_Gmail1@7fc229ab]" name="processingTime" is-config="true" duration-ms="4" started-at="2021-01-25T17:21:25Z" finished-at="2021-01-25T17:21:25Z">
          <reporter-output>
          </reporter-output>
        </test-method> <!-- processingTime -->
        <test-method status="PASS" signature="tc1(java.lang.String, java.lang.String)[pri:0, instance:org.testngtest.TestNg_Class_Gmail1@7fc229ab]" name="tc1" duration-ms="3975" started-at="2021-01-25T17:21:25Z" data-provider="sample" finished-at="2021-01-25T17:21:29Z">
          <params>
            <param index="0">
              <value>
                <![CDATA[davidufc18@gmail.com]]>
              </value>
            </param>
            <param index="1">
              <value>
                <![CDATA[davidufc182965]]>
              </value>
            </param>
          </params>
          <reporter-output>
          </reporter-output>
        </test-method> <!-- tc1 -->
        <test-method status="PASS" signature="processingEnding()[pri:0, instance:org.testngtest.TestNg_Class_Gmail1@7fc229ab]" name="processingEnding" is-config="true" duration-ms="0" started-at="2021-01-25T17:21:29Z" finished-at="2021-01-25T17:21:29Z">
          <reporter-output>
          </reporter-output>
        </test-method> <!-- processingEnding -->
        <test-method status="PASS" signature="processingTime()[pri:0, instance:org.testngtest.TestNg_Class_Gmail1@7fc229ab]" name="processingTime" is-config="true" duration-ms="1" started-at="2021-01-25T17:21:29Z" finished-at="2021-01-25T17:21:29Z">
          <reporter-output>
          </reporter-output>
        </test-method> <!-- processingTime -->
        <test-method status="PASS" signature="tc1(java.lang.String, java.lang.String)[pri:0, instance:org.testngtest.TestNg_Class_Gmail1@7fc229ab]" name="tc1" duration-ms="4296" started-at="2021-01-25T17:21:29Z" data-provider="sample" finished-at="2021-01-25T17:21:34Z">
          <params>
            <param index="0">
              <value>
                <![CDATA[ramgreens@gmail.com]]>
              </value>
            </param>
            <param index="1">
              <value>
                <![CDATA[ramgreens@123a]]>
              </value>
            </param>
          </params>
          <reporter-output>
          </reporter-output>
        </test-method> <!-- tc1 -->
        <test-method status="PASS" signature="processingEnding()[pri:0, instance:org.testngtest.TestNg_Class_Gmail1@7fc229ab]" name="processingEnding" is-config="true" duration-ms="0" started-at="2021-01-25T17:21:34Z" finished-at="2021-01-25T17:21:34Z">
          <reporter-output>
          </reporter-output>
        </test-method> <!-- processingEnding -->
        <test-method status="PASS" signature="processingTime()[pri:0, instance:org.testngtest.TestNg_Class_Gmail1@7fc229ab]" name="processingTime" is-config="true" duration-ms="1" started-at="2021-01-25T17:21:34Z" finished-at="2021-01-25T17:21:34Z">
          <reporter-output>
          </reporter-output>
        </test-method> <!-- processingTime -->
        <test-method status="PASS" signature="tc1(java.lang.String, java.lang.String)[pri:0, instance:org.testngtest.TestNg_Class_Gmail1@7fc229ab]" name="tc1" duration-ms="3522" started-at="2021-01-25T17:21:34Z" data-provider="sample" finished-at="2021-01-25T17:21:37Z">
          <params>
            <param index="0">
              <value>
                <![CDATA[javaselenium@gmail.com]]>
              </value>
            </param>
            <param index="1">
              <value>
                <![CDATA[javaselenium@123a]]>
              </value>
            </param>
          </params>
          <reporter-output>
          </reporter-output>
        </test-method> <!-- tc1 -->
        <test-method status="PASS" signature="processingEnding()[pri:0, instance:org.testngtest.TestNg_Class_Gmail1@7fc229ab]" name="processingEnding" is-config="true" duration-ms="0" started-at="2021-01-25T17:21:37Z" finished-at="2021-01-25T17:21:37Z">
          <reporter-output>
          </reporter-output>
        </test-method> <!-- processingEnding -->
        <test-method status="PASS" signature="endingBrowser()[pri:0, instance:org.testngtest.TestNg_Class_Gmail1@7fc229ab]" name="endingBrowser" is-config="true" duration-ms="710" started-at="2021-01-25T17:21:37Z" finished-at="2021-01-25T17:21:38Z">
          <reporter-output>
          </reporter-output>
        </test-method> <!-- endingBrowser -->
      </class> <!-- org.testngtest.TestNg_Class_Gmail1 -->
    </test> <!-- Default test -->
  </suite> <!-- Default suite -->
</testng-results>
